------------------------------------------------------------------------------
                           GCC Code Coverage Report
Directory: .
------------------------------------------------------------------------------
File                                       Lines    Exec  Cover   Missing
------------------------------------------------------------------------------
utExecutionAndResults/utUnderTest/src/Sched_EntrySequence.c
                                               4       0     0%   4,6,8,10
------------------------------------------------------------------------------
TOTAL                                          4       0     0%
------------------------------------------------------------------------------
