------------------------------------------------------------------------------
                           GCC Code Coverage Report
Directory: .
------------------------------------------------------------------------------
File                                       Lines    Exec  Cover   Missing
------------------------------------------------------------------------------
utExecutionAndResults/utUnderTest/src/DeltaTime_u32.c
                                               9       0     0%   4,6,10-11,14-15,19,22,24
------------------------------------------------------------------------------
TOTAL                                          9       0     0%
------------------------------------------------------------------------------
