------------------------------------------------------------------------------
                           GCC Code Coverage Report
Directory: .
------------------------------------------------------------------------------
File                                       Lines    Exec  Cover   Missing
------------------------------------------------------------------------------
utExecutionAndResults/utUnderTest/src/DeltaTime_u32.c
                                               9       0     0%   4,7,11,13,16,18,23,26,28
------------------------------------------------------------------------------
TOTAL                                          9       0     0%
------------------------------------------------------------------------------
