------------------------------------------------------------------------------
                           GCC Code Coverage Report
Directory: .
------------------------------------------------------------------------------
File                                       Lines    Exec  Cover   Missing
------------------------------------------------------------------------------
utExecutionAndResults/utUnderTest/src/CountTime.c
                                               5       0     0%   4-5,7-9
utExecutionAndResults/utUnderTest/src/CountTime_help.h
                                              11       0     0%   10-11,13-14,16-18,21-22,24-25
------------------------------------------------------------------------------
TOTAL                                         16       0     0%
------------------------------------------------------------------------------
