------------------------------------------------------------------------------
                           GCC Code Coverage Report
Directory: .
------------------------------------------------------------------------------
File                                       Lines    Exec  Cover   Missing
------------------------------------------------------------------------------
utExecutionAndResults/utUnderTest/src/CountTime.c
                                               5       0     0%   4,6,8,10-11
utExecutionAndResults/utUnderTest/src/CountTime_help.h
                                               7       0     0%   10-14,17-18
------------------------------------------------------------------------------
TOTAL                                         12       0     0%
------------------------------------------------------------------------------
