------------------------------------------------------------------------------
                           GCC Code Coverage Report
Directory: .
------------------------------------------------------------------------------
File                                       Lines    Exec  Cover   Missing
------------------------------------------------------------------------------
utExecutionAndResults/utUnderTest/src/Sched_GetRefTime_u32.c
                                               2       0     0%   4,6
------------------------------------------------------------------------------
TOTAL                                          2       0     0%
------------------------------------------------------------------------------
