------------------------------------------------------------------------------
                           GCC Code Coverage Report
Directory: .
------------------------------------------------------------------------------
File                                       Lines    Exec  Cover   Missing
------------------------------------------------------------------------------
utExecutionAndResults/utUnderTest/src/Sched_Main.c
                                               4       0     0%   4-5,8-9
------------------------------------------------------------------------------
TOTAL                                          4       0     0%
------------------------------------------------------------------------------
