------------------------------------------------------------------------------
                           GCC Code Coverage Report
Directory: .
------------------------------------------------------------------------------
File                                       Lines    Exec  Cover   Missing
------------------------------------------------------------------------------
utExecutionAndResults/utUnderTest/src/Sched_Main.c
                                               4       0     0%   4,6,10-11
------------------------------------------------------------------------------
TOTAL                                          4       0     0%
------------------------------------------------------------------------------
