------------------------------------------------------------------------------
                           GCC Code Coverage Report
Directory: .
------------------------------------------------------------------------------
File                                       Lines    Exec  Cover   Missing
------------------------------------------------------------------------------
utExecutionAndResults/utUnderTest/src/ExecutePendingTasks.c
                                               6       0     0%   4,9,11,13-15
utExecutionAndResults/utUnderTest/src/ExecutePendingTasks_help.h
                                              18       0     0%   10-11,13-14,16-18,38-39,41-42,44-46,49-50,52-53
------------------------------------------------------------------------------
TOTAL                                         24       0     0%
------------------------------------------------------------------------------
