------------------------------------------------------------------------------
                           GCC Code Coverage Report
Directory: .
------------------------------------------------------------------------------
File                                       Lines    Exec  Cover   Missing
------------------------------------------------------------------------------
utExecutionAndResults/utUnderTest/src/ExecutePendingTasks.c
                                               6       0     0%   4,9,11,13-15
utExecutionAndResults/utUnderTest/src/ExecutePendingTasks_help.h
                                              12       0     0%   10-14,34-38,41-42
------------------------------------------------------------------------------
TOTAL                                         18       0     0%
------------------------------------------------------------------------------
