------------------------------------------------------------------------------
                           GCC Code Coverage Report
Directory: .
------------------------------------------------------------------------------
File                                       Lines    Exec  Cover   Missing
------------------------------------------------------------------------------
utExecutionAndResults/utUnderTest/src/Sched_Task2.c
                                               1       0     0%   4
------------------------------------------------------------------------------
TOTAL                                          1       0     0%
------------------------------------------------------------------------------
